{
  "RSpec": {
    "coverage": {
      "/Users/audreypowers/SELT/selt2023-final-project-team-001/spec/controllers/messages_controller_spec.rb": {
        "lines": [
          1,
          null,
          1,
          10,
          5,
          9,
          null,
          1,
          9,
          9,
          null,
          null,
          1,
          1,
          1,
          null,
          1,
          1,
          null,
          null,
          null,
          1,
          1,
          1,
          1,
          1,
          null,
          null,
          null,
          1,
          1,
          null,
          1,
          1,
          null,
          null,
          null,
          1,
          1,
          1,
          null,
          1,
          1,
          null,
          null,
          null,
          null,
          1,
          2,
          null,
          1,
          1,
          null,
          1,
          null,
          null,
          null,
          1,
          3,
          null,
          1,
          1,
          1,
          null,
          1,
          1,
          null,
          null,
          1,
          1,
          null,
          1,
          null,
          null,
          null,
          1,
          3,
          null,
          1,
          1,
          1,
          null,
          1,
          1,
          null,
          null,
          1,
          1,
          null,
          1,
          null,
          null,
          null,
          null,
          null
        ]
      },
      "/Users/audreypowers/SELT/selt2023-final-project-team-001/spec/rails_helper.rb": {
        "lines": [
          1,
          1,
          null,
          1,
          null,
          null,
          1,
          1,
          1,
          null,
          1,
          1,
          null,
          1,
          1,
          1,
          null,
          null,
          null,
          null,
          null,
          null,
          null,
          null,
          null,
          null,
          null,
          null,
          null,
          null,
          null,
          null,
          null,
          null,
          1,
          null,
          0,
          null,
          1,
          null,
          1,
          null,
          1,
          null,
          1,
          null,
          null,
          null,
          null,
          1,
          null,
          null,
          null,
          null,
          null,
          null,
          null,
          null,
          null,
          null,
          null,
          null,
          null,
          null,
          null,
          null,
          null,
          1,
          null,
          null,
          1,
          null,
          null,
          null,
          null,
          1,
          null
        ]
      },
      "/Users/audreypowers/SELT/selt2023-final-project-team-001/spec/support/helpers.rb": {
        "lines": [
          1,
          1,
          0,
          0,
          null,
          null
        ]
      },
      "/Users/audreypowers/SELT/selt2023-final-project-team-001/config/environment.rb": {
        "lines": [
          null,
          1,
          null,
          null,
          1
        ]
      },
      "/Users/audreypowers/SELT/selt2023-final-project-team-001/config/application.rb": {
        "lines": [
          1,
          null,
          1,
          null,
          1,
          1,
          1,
          null,
          1,
          null,
          null,
          null,
          1,
          null,
          1,
          1,
          null,
          null,
          null,
          1,
          null,
          1,
          1,
          null,
          1,
          null,
          1,
          1,
          null,
          null,
          null,
          null,
          1,
          null,
          null,
          null,
          null,
          null,
          null,
          null,
          null,
          null,
          null,
          1,
          null,
          null,
          1,
          null,
          1,
          1,
          1,
          1,
          null,
          null,
          null,
          null,
          null,
          null,
          null,
          null,
          1,
          null,
          1,
          1,
          1,
          1,
          null,
          null,
          null,
          null,
          null,
          null,
          null,
          null,
          null
        ]
      },
      "/Users/audreypowers/SELT/selt2023-final-project-team-001/config/boot.rb": {
        "lines": [
          1,
          null,
          1
        ]
      },
      "/Users/audreypowers/SELT/selt2023-final-project-team-001/config/environments/test.rb": {
        "lines": [
          1,
          null,
          null,
          null,
          null,
          null,
          null,
          1,
          null,
          null,
          null,
          1,
          null,
          null,
          null,
          null,
          null,
          1,
          null,
          null,
          1,
          1,
          null,
          null,
          null,
          null,
          1,
          1,
          1,
          null,
          null,
          1,
          null,
          null,
          1,
          null,
          null,
          1,
          null,
          null,
          1,
          null,
          null,
          1,
          null,
          null,
          null,
          null,
          null,
          null,
          null,
          null,
          1,
          1,
          null
        ]
      },
      "/Users/audreypowers/SELT/selt2023-final-project-team-001/config/initializers/assets.rb": {
        "lines": [
          null,
          null,
          null,
          1,
          null,
          null,
          null,
          null,
          null,
          null,
          null,
          null,
          null,
          1,
          null,
          null,
          null,
          null
        ]
      },
      "/Users/audreypowers/SELT/selt2023-final-project-team-001/config/initializers/carrier_wave.rb": {
        "lines": [
          1,
          1,
          1,
          1,
          null,
          null
        ]
      },
      "/Users/audreypowers/SELT/selt2023-final-project-team-001/config/initializers/content_security_policy.rb": {
        "lines": [
          null,
          null,
          null,
          null,
          null,
          null,
          null,
          null,
          null,
          null,
          null,
          null,
          null,
          null,
          null,
          null,
          null,
          null,
          null,
          null,
          null,
          null,
          null,
          null,
          null
        ]
      },
      "/Users/audreypowers/SELT/selt2023-final-project-team-001/config/initializers/dotenv.rb": {
        "lines": [
          1,
          1,
          null,
          null,
          null,
          null,
          null,
          null
        ]
      },
      "/Users/audreypowers/SELT/selt2023-final-project-team-001/config/initializers/filter_parameter_logging.rb": {
        "lines": [
          null,
          null,
          null,
          null,
          null,
          1,
          null,
          null
        ]
      },
      "/Users/audreypowers/SELT/selt2023-final-project-team-001/config/initializers/inflections.rb": {
        "lines": [
          null,
          null,
          null,
          null,
          null,
          null,
          null,
          null,
          null,
          null,
          null,
          null,
          null,
          null,
          null,
          null
        ]
      },
      "/Users/audreypowers/SELT/selt2023-final-project-team-001/config/initializers/inline_svg.rb": {
        "lines": [
          1,
          1,
          0,
          null,
          0,
          null,
          0,
          null,
          null,
          null,
          null,
          1,
          1,
          null
        ]
      },
      "/Users/audreypowers/SELT/selt2023-final-project-team-001/config/initializers/money.rb": {
        "lines": [
          null,
          null,
          1,
          null,
          1,
          null,
          null,
          null,
          null,
          null,
          null,
          null,
          null,
          null,
          null,
          null,
          null,
          null,
          null,
          null,
          null,
          null,
          null,
          null,
          null,
          null,
          null,
          null,
          null,
          null,
          null,
          null,
          null,
          null,
          null,
          null,
          null,
          null,
          null,
          null,
          null,
          null,
          null,
          null,
          null,
          null,
          null,
          null,
          null,
          null,
          null,
          null,
          null,
          null,
          null,
          null,
          null,
          null,
          null,
          null,
          null,
          null,
          null,
          null,
          null,
          null,
          null,
          null,
          null,
          null,
          null,
          1,
          null,
          null,
          null,
          null,
          null,
          null,
          null,
          null,
          null,
          null,
          null,
          null,
          null,
          1,
          null,
          null,
          null,
          null,
          null,
          null,
          null,
          null,
          null,
          null,
          null,
          null,
          null,
          null,
          null,
          null,
          null,
          null,
          null,
          null,
          null,
          null,
          null,
          null,
          null,
          null,
          null
        ]
      },
      "/Users/audreypowers/SELT/selt2023-final-project-team-001/config/initializers/omniauth.rb": {
        "lines": [
          1,
          1,
          null
        ]
      },
      "/Users/audreypowers/SELT/selt2023-final-project-team-001/config/initializers/permissions_policy.rb": {
        "lines": [
          null,
          null,
          null,
          null,
          null,
          null,
          null,
          null,
          null,
          null,
          null,
          null,
          null
        ]
      },
      "/Users/audreypowers/SELT/selt2023-final-project-team-001/spec/factories/carts.rb": {
        "lines": [
          1,
          1,
          null,
          null
        ]
      },
      "/Users/audreypowers/SELT/selt2023-final-project-team-001/spec/factories/messages.rb": {
        "lines": [
          1,
          1,
          null,
          null
        ]
      },
      "/Users/audreypowers/SELT/selt2023-final-project-team-001/spec/factories/price_alerts.rb": {
        "lines": [
          1,
          1,
          1,
          1,
          1,
          null,
          null
        ]
      },
      "/Users/audreypowers/SELT/selt2023-final-project-team-001/spec/factories/products.rb": {
        "lines": [
          1,
          null,
          null,
          1,
          1,
          1,
          1,
          1,
          1,
          1,
          null,
          null,
          1,
          1,
          null,
          null,
          null
        ]
      },
      "/Users/audreypowers/SELT/selt2023-final-project-team-001/spec/factories/profiles.rb": {
        "lines": [
          1,
          1,
          5,
          5,
          5,
          5,
          5,
          5,
          5,
          5,
          5,
          5,
          5,
          5,
          1,
          null,
          null
        ]
      },
      "/Users/audreypowers/SELT/selt2023-final-project-team-001/spec/factories/reviews.rb": {
        "lines": [
          1,
          1,
          null,
          null
        ]
      },
      "/Users/audreypowers/SELT/selt2023-final-project-team-001/spec/factories/storefronts.rb": {
        "lines": [
          1,
          1,
          1,
          1,
          1,
          1,
          null,
          null
        ]
      },
      "/Users/audreypowers/SELT/selt2023-final-project-team-001/spec/factories/users.rb": {
        "lines": [
          1,
          1,
          18,
          18,
          18,
          null,
          18,
          18,
          null,
          2,
          2,
          2,
          null,
          1,
          1,
          1,
          null,
          null,
          1,
          1,
          0,
          null,
          null,
          null,
          1,
          1,
          0,
          null,
          null,
          null,
          1,
          1,
          0,
          null,
          null,
          null,
          1,
          1,
          0,
          null,
          null,
          null
        ]
      },
      "/Users/audreypowers/SELT/selt2023-final-project-team-001/config/routes.rb": {
        "lines": [
          1,
          null,
          1,
          1,
          null,
          1,
          null,
          1,
          1,
          1,
          1,
          null,
          null,
          1,
          1,
          1,
          null,
          null,
          1,
          null,
          1,
          1,
          1,
          1,
          null,
          1,
          null,
          1,
          1,
          1,
          1,
          1,
          1,
          1,
          1,
          1,
          1,
          1,
          1,
          1,
          1,
          1,
          1,
          1,
          1,
          1,
          null,
          1,
          null,
          1,
          1,
          1,
          null,
          null,
          1,
          1,
          1,
          1,
          null,
          null,
          null,
          null,
          null,
          1,
          null,
          null,
          null,
          1,
          null,
          null,
          null,
          null,
          1,
          1,
          null
        ]
      },
      "/Users/audreypowers/SELT/selt2023-final-project-team-001/app/helpers/accordion_helper.rb": {
        "lines": [
          1,
          1,
          0,
          0,
          null,
          null,
          1,
          0,
          null,
          null
        ]
      },
      "/Users/audreypowers/SELT/selt2023-final-project-team-001/app/helpers/application_helper.rb": {
        "lines": [
          1,
          null
        ]
      },
      "/Users/audreypowers/SELT/selt2023-final-project-team-001/app/helpers/flash_helper.rb": {
        "lines": [
          1,
          1,
          1,
          null,
          1,
          null,
          null,
          null,
          null,
          null,
          null,
          1,
          0,
          0,
          0,
          0,
          null,
          null,
          1,
          0,
          null,
          null
        ]
      },
      "/Users/audreypowers/SELT/selt2023-final-project-team-001/app/helpers/footer_helper.rb": {
        "lines": [
          1,
          null,
          null,
          1,
          0,
          0,
          0,
          null,
          null
        ]
      },
      "/Users/audreypowers/SELT/selt2023-final-project-team-001/app/helpers/forgot_password_helper.rb": {
        "lines": [
          1,
          null
        ]
      },
      "/Users/audreypowers/SELT/selt2023-final-project-team-001/app/helpers/future_link_helper.rb": {
        "lines": [
          1,
          1,
          0,
          0,
          0,
          null,
          null
        ]
      },
      "/Users/audreypowers/SELT/selt2023-final-project-team-001/app/helpers/icon_helper.rb": {
        "lines": [
          1,
          1,
          0,
          0,
          0,
          null,
          0,
          0,
          null,
          null
        ]
      },
      "/Users/audreypowers/SELT/selt2023-final-project-team-001/app/helpers/messages_helper.rb": {
        "lines": [
          1,
          null
        ]
      },
      "/Users/audreypowers/SELT/selt2023-final-project-team-001/app/helpers/navbar_helper.rb": {
        "lines": [
          1,
          null,
          1,
          0,
          null,
          0,
          null,
          null,
          null,
          null,
          null,
          null,
          null,
          null,
          null,
          null,
          null,
          null,
          null,
          null,
          null,
          null,
          null,
          null,
          null,
          null,
          1,
          0,
          null,
          0,
          null,
          0,
          0,
          0,
          0,
          null,
          0,
          0,
          null,
          0,
          null,
          null,
          0,
          null,
          null,
          null,
          null,
          null,
          null,
          null,
          1,
          0,
          0,
          0,
          0,
          null,
          0,
          0,
          0,
          0,
          0,
          null,
          0,
          0,
          0,
          0,
          0,
          null,
          null,
          null,
          null,
          null,
          1,
          0,
          0,
          0,
          null,
          null,
          1,
          0,
          0,
          0,
          null,
          null,
          1,
          0,
          0,
          null,
          0,
          null,
          null,
          null
        ]
      },
      "/Users/audreypowers/SELT/selt2023-final-project-team-001/app/helpers/price_alerts_helper.rb": {
        "lines": [
          1,
          null
        ]
      },
      "/Users/audreypowers/SELT/selt2023-final-project-team-001/app/helpers/products_helper.rb": {
        "lines": [
          1,
          1,
          0,
          0,
          0,
          0,
          0,
          0,
          null,
          0,
          null,
          0,
          null,
          null,
          null
        ]
      },
      "/Users/audreypowers/SELT/selt2023-final-project-team-001/app/helpers/profiles_helper.rb": {
        "lines": [
          1,
          null
        ]
      },
      "/Users/audreypowers/SELT/selt2023-final-project-team-001/app/helpers/ratings_helper.rb": {
        "lines": [
          1,
          null,
          null,
          null,
          null,
          1,
          0,
          0,
          null,
          null,
          null,
          null,
          null,
          1,
          0,
          0,
          null,
          null,
          null,
          1,
          0,
          null,
          null
        ]
      },
      "/Users/audreypowers/SELT/selt2023-final-project-team-001/app/helpers/reviews_helper.rb": {
        "lines": [
          1,
          null
        ]
      },
      "/Users/audreypowers/SELT/selt2023-final-project-team-001/app/helpers/sessions_helper.rb": {
        "lines": [
          1,
          null
        ]
      },
      "/Users/audreypowers/SELT/selt2023-final-project-team-001/app/helpers/storefront_helper.rb": {
        "lines": [
          1,
          1,
          0,
          0,
          null,
          0,
          null,
          null,
          null,
          1,
          0,
          0,
          null,
          0,
          null,
          null,
          null
        ]
      },
      "/Users/audreypowers/SELT/selt2023-final-project-team-001/app/controllers/messages_controller.rb": {
        "lines": [
          1,
          1,
          null,
          1,
          1,
          null,
          1,
          1,
          1,
          1,
          null,
          1,
          1,
          1,
          1,
          null,
          null,
          null,
          1,
          0,
          null,
          0,
          0,
          0,
          0,
          null,
          null,
          1,
          0,
          0,
          0,
          0,
          0,
          0,
          null,
          0,
          null,
          null,
          null,
          1,
          3,
          3,
          3,
          3,
          2,
          2,
          null,
          1,
          null,
          null,
          null,
          1,
          null,
          0,
          null,
          null,
          1,
          0,
          null,
          null,
          1,
          1,
          1,
          0,
          0,
          null,
          1,
          1,
          null,
          null,
          null,
          1,
          4,
          4,
          4,
          4,
          2,
          2,
          null,
          2,
          2,
          null,
          null,
          null,
          null
        ]
      },
      "/Users/audreypowers/SELT/selt2023-final-project-team-001/app/controllers/application_controller.rb": {
        "lines": [
          1,
          1,
          1,
          null,
          1,
          9,
          null,
          null,
          1,
          null,
          null,
          null,
          null,
          null,
          null,
          null,
          null,
          null,
          null,
          null,
          null,
          null,
          null,
          null,
          null,
          null,
          null,
          null,
          null,
          null,
          null,
          null,
          null,
          null,
          1,
          0,
          0,
          null,
          null,
          null,
          null,
          null,
          null,
          null,
          null,
          null,
          null,
          null,
          null,
          null,
          null,
          null,
          1,
          0,
          0,
          0,
          null,
          null,
          null,
          null,
          null,
          null,
          null,
          1,
          0,
          0,
          0,
          null,
          null,
          null,
          null,
          null,
          null,
          null,
          1,
          0,
          0,
          0,
          null,
          null,
          null
        ]
      },
      "/Users/audreypowers/SELT/selt2023-final-project-team-001/app/models/current.rb": {
        "lines": [
          1,
          1,
          null
        ]
      },
      "/Users/audreypowers/SELT/selt2023-final-project-team-001/app/models/user.rb": {
        "lines": [
          1,
          1,
          1,
          18,
          1,
          null,
          null,
          null,
          1,
          null,
          null,
          1,
          1,
          1,
          1,
          null,
          null,
          null,
          null,
          null,
          1,
          1,
          1,
          null,
          1,
          17,
          0,
          null,
          17,
          0,
          null,
          17,
          0,
          null,
          null,
          null,
          null,
          null,
          1,
          1,
          1,
          1,
          1,
          1,
          null,
          1,
          1,
          1,
          1,
          1,
          1,
          1,
          1,
          1,
          1,
          1,
          1,
          1,
          1,
          null,
          null,
          1,
          0,
          0,
          0,
          null,
          null,
          1,
          17,
          null,
          null,
          1,
          null,
          1,
          17,
          null,
          null,
          1,
          0,
          0,
          0,
          null,
          null,
          null
        ]
      },
      "/Users/audreypowers/SELT/selt2023-final-project-team-001/app/models/application_record.rb": {
        "lines": [
          1,
          1,
          null
        ]
      },
      "/Users/audreypowers/SELT/selt2023-final-project-team-001/app/models/profile.rb": {
        "lines": [
          1,
          1,
          1,
          null,
          null,
          1,
          null,
          null,
          null,
          1,
          1,
          1,
          1,
          null,
          1,
          null,
          1,
          0,
          null,
          null,
          1,
          null,
          1,
          4,
          null,
          null,
          1,
          4,
          0,
          null,
          null,
          null
        ]
      },
      "/Users/audreypowers/SELT/selt2023-final-project-team-001/app/uploaders/avatar_uploader.rb": {
        "lines": [
          1,
          null,
          null,
          1,
          null,
          null,
          1,
          null,
          null,
          null,
          null,
          1,
          0,
          null,
          null,
          1,
          null,
          1,
          0,
          null,
          null,
          1,
          0,
          null,
          null,
          null,
          null,
          null,
          null,
          null,
          null,
          null,
          null,
          null,
          null,
          null,
          null,
          null,
          null,
          null,
          null,
          null,
          null,
          null,
          null,
          null,
          null,
          null,
          null,
          null,
          null,
          null,
          null,
          null,
          null,
          null,
          null
        ]
      },
      "/Users/audreypowers/SELT/selt2023-final-project-team-001/app/models/message.rb": {
        "lines": [
          1,
          1,
          1,
          null,
          1,
          1,
          1,
          1,
          1,
          1,
          null
        ]
      }
    },
    "timestamp": 1702150514
  }
}
